<?xml version="1.0" encoding="UTF-8"?>
<testng-results skipped="0" failed="1" ignored="0" total="2" passed="1">
  <reporter-output>
  </reporter-output>
  <suite name="Default suite" duration-ms="23766" started-at="2020-01-31T04:38:13Z" finished-at="2020-01-31T04:38:37Z">
    <groups>
    </groups>
    <test name="Default test" duration-ms="23766" started-at="2020-01-31T04:38:13Z" finished-at="2020-01-31T04:38:37Z">
      <class name="com.training.sanity.tests.Administration_CreateCourse">
        <test-method status="PASS" signature="setUpBeforeTest()[pri:0, instance:com.training.sanity.tests.Administration_CreateCourse@68c4039c]" name="setUpBeforeTest" is-config="true" duration-ms="16253" started-at="2020-01-31T04:38:13Z" finished-at="2020-01-31T04:38:30Z">
          <reporter-output>
          </reporter-output>
        </test-method> <!-- setUpBeforeTest -->
        <test-method status="FAIL" signature="administrationCreateCourse()[pri:0, instance:com.training.sanity.tests.Administration_CreateCourse@68c4039c]" name="administrationCreateCourse" duration-ms="27" started-at="2020-01-31T04:38:30Z" finished-at="2020-01-31T04:38:30Z">
          <exception class="java.lang.NullPointerException">
            <full-stacktrace>
              <![CDATA[java.lang.NullPointerException
at org.openqa.selenium.support.pagefactory.DefaultElementLocator.findElement(DefaultElementLocator.java:69)
at org.openqa.selenium.support.pagefactory.internal.LocatingElementHandler.invoke(LocatingElementHandler.java:38)
at com.sun.proxy.$Proxy9.click(Unknown Source)
at com.training.pom.AdministrationCreateCoursePOM.clickAdministrationBtn(AdministrationCreateCoursePOM.java:44)
at com.training.sanity.tests.Administration_CreateCourse.administrationCreateCourse(Administration_CreateCourse.java:21)
at sun.reflect.NativeMethodAccessorImpl.invoke0(Native Method)
at sun.reflect.NativeMethodAccessorImpl.invoke(Unknown Source)
at sun.reflect.DelegatingMethodAccessorImpl.invoke(Unknown Source)
at java.lang.reflect.Method.invoke(Unknown Source)
at org.testng.internal.MethodInvocationHelper.invokeMethod(MethodInvocationHelper.java:124)
at org.testng.internal.Invoker.invokeMethod(Invoker.java:583)
at org.testng.internal.Invoker.invokeTestMethod(Invoker.java:719)
at org.testng.internal.Invoker.invokeTestMethods(Invoker.java:989)
at org.testng.internal.TestMethodWorker.invokeTestMethods(TestMethodWorker.java:125)
at org.testng.internal.TestMethodWorker.run(TestMethodWorker.java:109)
at org.testng.TestRunner.privateRun(TestRunner.java:648)
at org.testng.TestRunner.run(TestRunner.java:505)
at org.testng.SuiteRunner.runTest(SuiteRunner.java:455)
at org.testng.SuiteRunner.runSequentially(SuiteRunner.java:450)
at org.testng.SuiteRunner.privateRun(SuiteRunner.java:415)
at org.testng.SuiteRunner.run(SuiteRunner.java:364)
at org.testng.SuiteRunnerWorker.runSuite(SuiteRunnerWorker.java:52)
at org.testng.SuiteRunnerWorker.run(SuiteRunnerWorker.java:84)
at org.testng.TestNG.runSuitesSequentially(TestNG.java:1208)
at org.testng.TestNG.runSuitesLocally(TestNG.java:1137)
at org.testng.TestNG.runSuites(TestNG.java:1049)
at org.testng.TestNG.run(TestNG.java:1017)
at org.testng.remote.AbstractRemoteTestNG.run(AbstractRemoteTestNG.java:115)
at org.testng.remote.RemoteTestNG.initAndRun(RemoteTestNG.java:251)
at org.testng.remote.RemoteTestNG.main(RemoteTestNG.java:77)
]]>
            </full-stacktrace>
          </exception> <!-- java.lang.NullPointerException -->
          <reporter-output>
          </reporter-output>
        </test-method> <!-- administrationCreateCourse -->
        <test-method status="PASS" signature="validLoginTest()[pri:0, instance:com.training.sanity.tests.Administration_CreateCourse@68c4039c]" name="validLoginTest" duration-ms="5540" started-at="2020-01-31T04:38:30Z" finished-at="2020-01-31T04:38:35Z">
          <reporter-output>
          </reporter-output>
        </test-method> <!-- validLoginTest -->
        <test-method status="PASS" signature="tearDown()[pri:0, instance:com.training.sanity.tests.Administration_CreateCourse@68c4039c]" name="tearDown" is-config="true" duration-ms="1907" started-at="2020-01-31T04:38:35Z" finished-at="2020-01-31T04:38:37Z">
          <reporter-output>
          </reporter-output>
        </test-method> <!-- tearDown -->
      </class> <!-- com.training.sanity.tests.Administration_CreateCourse -->
    </test> <!-- Default test -->
  </suite> <!-- Default suite -->
</testng-results>
